TN:
SF:src\pages\Appointments.tsx
FN:21,fmt12
FN:28,formatFullDate
FN:39,formatDateTime
FN:44,isoDateTime
FN:49,diffDays
FN:56,chronoSort
FN:79,GroupDivider
FN:118,AppointmentCard
FN:223,(anonymous_8)
FN:248,(anonymous_9)
FN:265,Appointments
FN:266,(anonymous_11)
FN:269,(anonymous_12)
FN:269,(anonymous_13)
FN:269,(anonymous_14)
FN:272,addToMyDay
FN:273,(anonymous_16)
FN:279,(anonymous_17)
FN:280,(anonymous_18)
FN:284,(anonymous_19)
FN:285,(anonymous_20)
FN:289,(anonymous_21)
FN:319,(anonymous_22)
FN:338,(anonymous_23)
FN:357,(anonymous_24)
FNF:25
FNH:0
FNDA:0,fmt12
FNDA:0,formatFullDate
FNDA:0,formatDateTime
FNDA:0,isoDateTime
FNDA:0,diffDays
FNDA:0,chronoSort
FNDA:0,GroupDivider
FNDA:0,AppointmentCard
FNDA:0,(anonymous_8)
FNDA:0,(anonymous_9)
FNDA:0,Appointments
FNDA:0,(anonymous_11)
FNDA:0,(anonymous_12)
FNDA:0,(anonymous_13)
FNDA:0,(anonymous_14)
FNDA:0,addToMyDay
FNDA:0,(anonymous_16)
FNDA:0,(anonymous_17)
FNDA:0,(anonymous_18)
FNDA:0,(anonymous_19)
FNDA:0,(anonymous_20)
FNDA:0,(anonymous_21)
FNDA:0,(anonymous_22)
FNDA:0,(anonymous_23)
FNDA:0,(anonymous_24)
DA:1,1
DA:2,1
DA:15,1
DA:16,1
DA:22,0
DA:23,0
DA:24,0
DA:30,0
DA:31,0
DA:40,0
DA:45,0
DA:50,0
DA:51,0
DA:52,0
DA:57,0
DA:58,0
DA:63,1
DA:70,1
DA:90,0
DA:129,0
DA:131,0
DA:135,0
DA:141,0
DA:223,0
DA:248,0
DA:265,1
DA:266,0
DA:268,0
DA:269,0
DA:273,0
DA:276,0
DA:279,0
DA:280,0
DA:281,0
DA:283,0
DA:284,0
DA:286,0
DA:287,0
DA:289,0
DA:293,0
DA:294,0
DA:296,0
DA:320,0
DA:339,0
DA:358,0
LF:45
LH:7
BRDA:23,0,0,0
BRDA:23,0,1,0
BRDA:24,1,0,0
BRDA:24,1,1,0
BRDA:57,2,0,0
BRDA:57,2,1,0
BRDA:57,3,0,0
BRDA:57,3,1,0
BRDA:58,4,0,0
BRDA:58,4,1,0
BRDA:83,5,0,0
BRDA:92,6,0,0
BRDA:92,6,1,0
BRDA:108,7,0,0
BRDA:108,7,1,0
BRDA:131,8,0,0
BRDA:131,8,1,0
BRDA:131,8,2,0
BRDA:135,9,0,0
BRDA:135,9,1,0
BRDA:146,10,0,0
BRDA:146,10,1,0
BRDA:154,11,0,0
BRDA:154,11,1,0
BRDA:182,12,0,0
BRDA:182,12,1,0
BRDA:192,13,0,0
BRDA:192,13,1,0
BRDA:206,14,0,0
BRDA:206,14,1,0
BRDA:219,15,0,0
BRDA:219,15,1,0
BRDA:238,16,0,0
BRDA:238,16,1,0
BRDA:287,17,0,0
BRDA:287,17,1,0
BRDA:310,18,0,0
BRDA:310,18,1,0
BRDA:334,19,0,0
BRDA:334,19,1,0
BRDA:353,20,0,0
BRDA:353,20,1,0
BRDA:372,21,0,0
BRDA:372,21,1,0
BRDA:390,22,0,0
BRDA:390,22,1,0
BRF:46
BRH:0
end_of_record
TN:
SF:src\pages\Medications.tsx
FN:11,loadTakenFromStorage
FN:20,saveTakenToStorage
FN:24,formatTime
FN:30,Medications
FN:31,(anonymous_4)
FN:33,(anonymous_5)
FN:42,(anonymous_6)
FN:44,(anonymous_7)
FN:50,toggleTaken
FN:51,(anonymous_9)
FN:52,(anonymous_10)
FN:57,(anonymous_11)
FN:71,(anonymous_12)
FN:111,(anonymous_13)
FN:134,(anonymous_14)
FN:149,(anonymous_15)
FNF:16
FNH:0
FNDA:0,loadTakenFromStorage
FNDA:0,saveTakenToStorage
FNDA:0,formatTime
FNDA:0,Medications
FNDA:0,(anonymous_4)
FNDA:0,(anonymous_5)
FNDA:0,(anonymous_6)
FNDA:0,(anonymous_7)
FNDA:0,toggleTaken
FNDA:0,(anonymous_9)
FNDA:0,(anonymous_10)
FNDA:0,(anonymous_11)
FNDA:0,(anonymous_12)
FNDA:0,(anonymous_13)
FNDA:0,(anonymous_14)
FNDA:0,(anonymous_15)
DA:1,1
DA:2,1
DA:3,1
DA:4,1
DA:7,1
DA:9,1
DA:12,0
DA:13,0
DA:14,0
DA:16,0
DA:21,0
DA:25,0
DA:26,0
DA:27,0
DA:30,1
DA:31,0
DA:32,0
DA:33,0
DA:42,0
DA:43,0
DA:44,0
DA:45,0
DA:47,0
DA:51,0
DA:52,0
DA:53,0
DA:57,0
DA:58,0
DA:59,0
DA:67,0
DA:71,0
DA:72,0
DA:74,0
DA:112,0
DA:113,0
DA:135,0
DA:149,0
LF:37
LH:7
BRDA:14,0,0,0
BRDA:14,0,1,0
BRDA:26,1,0,0
BRDA:26,1,1,0
BRDA:27,2,0,0
BRDA:27,2,1,0
BRDA:37,3,0,0
BRDA:37,3,1,0
BRDA:45,4,0,0
BRDA:45,4,1,0
BRDA:53,5,0,0
BRDA:53,5,1,0
BRDA:58,6,0,0
BRDA:58,6,1,0
BRDA:60,7,0,0
BRDA:60,7,1,0
BRDA:61,8,0,0
BRDA:61,8,1,0
BRDA:83,9,0,0
BRDA:83,9,1,0
BRDA:91,10,0,0
BRDA:91,10,1,0
BRDA:112,11,0,0
BRDA:112,11,1,0
BRDA:116,12,0,0
BRDA:116,12,1,0
BRDA:117,13,0,0
BRDA:117,13,1,0
BRDA:129,14,0,0
BRDA:129,14,1,0
BRDA:140,15,0,0
BRDA:140,15,1,0
BRDA:151,16,0,0
BRDA:151,16,1,0
BRDA:154,17,0,0
BRDA:154,17,1,0
BRF:36
BRH:0
end_of_record
TN:
SF:src\pages\Memories.tsx
FN:26,Memories
FN:31,(anonymous_1)
FN:34,(anonymous_2)
FN:35,(anonymous_3)
FN:50,(anonymous_4)
FN:53,(anonymous_5)
FN:73,(anonymous_6)
FN:78,(anonymous_7)
FN:94,(anonymous_8)
FN:99,(anonymous_9)
FN:115,MemoryCardItem
FNF:11
FNH:0
FNDA:0,Memories
FNDA:0,(anonymous_1)
FNDA:0,(anonymous_2)
FNDA:0,(anonymous_3)
FNDA:0,(anonymous_4)
FNDA:0,(anonymous_5)
FNDA:0,(anonymous_6)
FNDA:0,(anonymous_7)
FNDA:0,(anonymous_8)
FNDA:0,(anonymous_9)
FNDA:0,MemoryCardItem
DA:1,1
DA:2,1
DA:3,1
DA:9,1
DA:17,1
DA:26,1
DA:27,0
DA:28,0
DA:30,0
DA:31,0
DA:34,0
DA:35,0
DA:37,0
DA:51,0
DA:53,0
DA:74,0
DA:78,0
DA:95,0
DA:99,0
DA:124,0
DA:126,0
LF:21
LH:6
BRDA:31,0,0,0
BRDA:31,0,1,0
BRDA:55,1,0,0
BRDA:55,1,1,0
BRDA:66,2,0,0
BRDA:66,2,1,0
BRDA:78,3,0,0
BRDA:78,3,1,0
BRDA:86,4,0,0
BRDA:86,4,1,0
BRDA:88,5,0,0
BRDA:88,5,1,0
BRDA:99,6,0,0
BRDA:99,6,1,0
BRDA:106,7,0,0
BRDA:106,7,1,0
BRDA:130,8,0,0
BRDA:130,8,1,0
BRDA:150,9,0,0
BRDA:150,9,1,0
BRDA:167,10,0,0
BRDA:167,10,1,0
BRDA:173,11,0,0
BRDA:173,11,1,0
BRDA:180,12,0,0
BRDA:180,12,1,0
BRF:26
BRH:0
end_of_record
